Analysis & Synthesis report for sisa
Tue May 09 11:28:06 2017
Quartus II 64-Bit Version 13.0.1 Build 232 06/12/2013 Service Pack 1 SJ Web Edition


---------------------
; Table of Contents ;
---------------------
  1. Legal Notice
  2. Analysis & Synthesis Summary
  3. Analysis & Synthesis Settings
  4. Parallel Compilation
  5. Analysis & Synthesis Messages



----------------
; Legal Notice ;
----------------
Copyright (C) 1991-2013 Altera Corporation
Your use of Altera Corporation's design tools, logic functions 
and other software and tools, and its AMPP partner logic 
functions, and any output files from any of the foregoing 
(including device programming or simulation files), and any 
associated documentation or information are expressly subject 
to the terms and conditions of the Altera Program License 
Subscription Agreement, Altera MegaCore Function License 
Agreement, or other applicable license agreement, including, 
without limitation, that your use is for the sole purpose of 
programming logic devices manufactured by Altera and sold by 
Altera or its authorized distributors.  Please refer to the 
applicable agreement for further details.



+--------------------------------------------------------------------------------------+
; Analysis & Synthesis Summary                                                         ;
+------------------------------------+-------------------------------------------------+
; Analysis & Synthesis Status        ; Failed - Tue May 09 11:28:06 2017               ;
; Quartus II 64-Bit Version          ; 13.0.1 Build 232 06/12/2013 SP 1 SJ Web Edition ;
; Revision Name                      ; sisa                                            ;
; Top-level Entity Name              ; test_sisa                                       ;
; Family                             ; Cyclone II                                      ;
; Total logic elements               ; N/A until Partition Merge                       ;
;     Total combinational functions  ; N/A until Partition Merge                       ;
;     Dedicated logic registers      ; N/A until Partition Merge                       ;
; Total registers                    ; N/A until Partition Merge                       ;
; Total pins                         ; N/A until Partition Merge                       ;
; Total virtual pins                 ; N/A until Partition Merge                       ;
; Total memory bits                  ; N/A until Partition Merge                       ;
; Embedded Multiplier 9-bit elements ; N/A until Partition Merge                       ;
; Total PLLs                         ; N/A until Partition Merge                       ;
+------------------------------------+-------------------------------------------------+


+----------------------------------------------------------------------------------------------------------------------+
; Analysis & Synthesis Settings                                                                                        ;
+----------------------------------------------------------------------------+--------------------+--------------------+
; Option                                                                     ; Setting            ; Default Value      ;
+----------------------------------------------------------------------------+--------------------+--------------------+
; Device                                                                     ; EP2C20F484C7       ;                    ;
; Top-level entity name                                                      ; test_sisa          ; sisa               ;
; Family name                                                                ; Cyclone II         ; Cyclone IV GX      ;
; Use smart compilation                                                      ; Off                ; Off                ;
; Enable parallel Assembler and TimeQuest Timing Analyzer during compilation ; On                 ; On                 ;
; Enable compact report table                                                ; Off                ; Off                ;
; Restructure Multiplexers                                                   ; Auto               ; Auto               ;
; Create Debugging Nodes for IP Cores                                        ; Off                ; Off                ;
; Preserve fewer node names                                                  ; On                 ; On                 ;
; Disable OpenCore Plus hardware evaluation                                  ; Off                ; Off                ;
; Verilog Version                                                            ; Verilog_2001       ; Verilog_2001       ;
; VHDL Version                                                               ; VHDL_1993          ; VHDL_1993          ;
; State Machine Processing                                                   ; Auto               ; Auto               ;
; Safe State Machine                                                         ; Off                ; Off                ;
; Extract Verilog State Machines                                             ; On                 ; On                 ;
; Extract VHDL State Machines                                                ; On                 ; On                 ;
; Ignore Verilog initial constructs                                          ; Off                ; Off                ;
; Iteration limit for constant Verilog loops                                 ; 5000               ; 5000               ;
; Iteration limit for non-constant Verilog loops                             ; 250                ; 250                ;
; Add Pass-Through Logic to Inferred RAMs                                    ; On                 ; On                 ;
; Infer RAMs from Raw Logic                                                  ; On                 ; On                 ;
; Parallel Synthesis                                                         ; On                 ; On                 ;
; DSP Block Balancing                                                        ; Auto               ; Auto               ;
; NOT Gate Push-Back                                                         ; On                 ; On                 ;
; Power-Up Don't Care                                                        ; On                 ; On                 ;
; Remove Redundant Logic Cells                                               ; Off                ; Off                ;
; Remove Duplicate Registers                                                 ; On                 ; On                 ;
; Ignore CARRY Buffers                                                       ; Off                ; Off                ;
; Ignore CASCADE Buffers                                                     ; Off                ; Off                ;
; Ignore GLOBAL Buffers                                                      ; Off                ; Off                ;
; Ignore ROW GLOBAL Buffers                                                  ; Off                ; Off                ;
; Ignore LCELL Buffers                                                       ; Off                ; Off                ;
; Ignore SOFT Buffers                                                        ; On                 ; On                 ;
; Limit AHDL Integers to 32 Bits                                             ; Off                ; Off                ;
; Optimization Technique                                                     ; Balanced           ; Balanced           ;
; Carry Chain Length                                                         ; 70                 ; 70                 ;
; Auto Carry Chains                                                          ; On                 ; On                 ;
; Auto Open-Drain Pins                                                       ; On                 ; On                 ;
; Perform WYSIWYG Primitive Resynthesis                                      ; Off                ; Off                ;
; Auto ROM Replacement                                                       ; On                 ; On                 ;
; Auto RAM Replacement                                                       ; On                 ; On                 ;
; Auto Shift Register Replacement                                            ; Auto               ; Auto               ;
; Allow Shift Register Merging across Hierarchies                            ; Auto               ; Auto               ;
; Auto Clock Enable Replacement                                              ; On                 ; On                 ;
; Strict RAM Replacement                                                     ; Off                ; Off                ;
; Allow Synchronous Control Signals                                          ; On                 ; On                 ;
; Force Use of Synchronous Clear Signals                                     ; Off                ; Off                ;
; Auto RAM to Logic Cell Conversion                                          ; Off                ; Off                ;
; Auto Resource Sharing                                                      ; Off                ; Off                ;
; Allow Any RAM Size For Recognition                                         ; Off                ; Off                ;
; Allow Any ROM Size For Recognition                                         ; Off                ; Off                ;
; Allow Any Shift Register Size For Recognition                              ; Off                ; Off                ;
; Use LogicLock Constraints during Resource Balancing                        ; On                 ; On                 ;
; Ignore translate_off and synthesis_off directives                          ; Off                ; Off                ;
; Timing-Driven Synthesis                                                    ; Off                ; Off                ;
; Report Parameter Settings                                                  ; On                 ; On                 ;
; Report Source Assignments                                                  ; On                 ; On                 ;
; Report Connectivity Checks                                                 ; On                 ; On                 ;
; Ignore Maximum Fan-Out Assignments                                         ; Off                ; Off                ;
; Synchronization Register Chain Length                                      ; 2                  ; 2                  ;
; PowerPlay Power Optimization                                               ; Normal compilation ; Normal compilation ;
; HDL message level                                                          ; Level2             ; Level2             ;
; Suppress Register Optimization Related Messages                            ; Off                ; Off                ;
; Number of Removed Registers Reported in Synthesis Report                   ; 5000               ; 5000               ;
; Number of Swept Nodes Reported in Synthesis Report                         ; 5000               ; 5000               ;
; Number of Inverted Registers Reported in Synthesis Report                  ; 100                ; 100                ;
; Clock MUX Protection                                                       ; On                 ; On                 ;
; Auto Gated Clock Conversion                                                ; Off                ; Off                ;
; Block Design Naming                                                        ; Auto               ; Auto               ;
; SDC constraint protection                                                  ; Off                ; Off                ;
; Synthesis Effort                                                           ; Auto               ; Auto               ;
; Shift Register Replacement - Allow Asynchronous Clear Signal               ; On                 ; On                 ;
; Pre-Mapping Resynthesis Optimization                                       ; Off                ; Off                ;
; Analysis & Synthesis Message Level                                         ; Medium             ; Medium             ;
; Disable Register Merging Across Hierarchies                                ; Auto               ; Auto               ;
; Resource Aware Inference For Block RAM                                     ; On                 ; On                 ;
; Synthesis Seed                                                             ; 1                  ; 1                  ;
+----------------------------------------------------------------------------+--------------------+--------------------+


+------------------------------------------+
; Parallel Compilation                     ;
+----------------------------+-------------+
; Processors                 ; Number      ;
+----------------------------+-------------+
; Number detected on machine ; 8           ;
; Maximum allowed            ; 4           ;
;                            ;             ;
; Average used               ; 1.00        ;
; Maximum used               ; 1           ;
;                            ;             ;
; Usage by Processor         ; % Time Used ;
;     Processor 1            ; 100.0%      ;
;     Processors 2-8         ;   0.0%      ;
+----------------------------+-------------+


+-------------------------------+
; Analysis & Synthesis Messages ;
+-------------------------------+
Info: *******************************************************************
Info: Running Quartus II 64-Bit Analysis & Synthesis
    Info: Version 13.0.1 Build 232 06/12/2013 Service Pack 1 SJ Web Edition
    Info: Processing started: Tue May 09 11:28:05 2017
Info: Command: quartus_map --read_settings_files=on --write_settings_files=off sisa -c sisa
Info (11104): Parallel Compilation has detected 8 hyper-threaded processors. However, the extra hyper-threaded processors will not be used by default. Parallel Compilation will use 4 of the 4 physical processors detected instead.
Info (12021): Found 2 design units, including 1 entities, in source file regfile_system.vhd
    Info (12022): Found design unit 1: regfile_system-Structure
    Info (12023): Found entity 1: regfile_system
Info (12021): Found 2 design units, including 1 entities, in source file driver7segmentos.vhd
    Info (12022): Found design unit 1: driver7segmentos-Structure
    Info (12023): Found entity 1: driver7segmentos
Info (12021): Found 2 design units, including 1 entities, in source file vga_sync.vhd
    Info (12022): Found design unit 1: vga_sync-vga_sync_arch
    Info (12023): Found entity 1: vga_sync
Info (12021): Found 2 design units, including 1 entities, in source file vga_ram_dual.vhd
    Info (12022): Found design unit 1: vga_ram_dual-vga_ram_dual_arch
    Info (12023): Found entity 1: vga_ram_dual
Info (12021): Found 2 design units, including 1 entities, in source file vga_font_rom.vhd
    Info (12022): Found design unit 1: vga_font_rom-vga_font_rom_arch
    Info (12023): Found entity 1: vga_font_rom
Info (12021): Found 2 design units, including 1 entities, in source file vga_controller.vhd
    Info (12022): Found design unit 1: vga_controller-vga_controller_rtl
    Info (12023): Found entity 1: vga_controller
Info (12021): Found 2 design units, including 1 entities, in source file ps2_keyboard.vhd
    Info (12022): Found design unit 1: ps2_keyboard_interface-trans
    Info (12023): Found entity 1: ps2_keyboard_interface
Info (12021): Found 2 design units, including 1 entities, in source file keyboard_controller.vhd
    Info (12022): Found design unit 1: keyboard_controller-Behavioral
    Info (12023): Found entity 1: keyboard_controller
Info (12021): Found 2 design units, including 0 entities, in source file package_utility.vhd
    Info (12022): Found design unit 1: package_utility
    Info (12022): Found design unit 2: package_utility-body
Info (12021): Found 2 design units, including 0 entities, in source file package_timing.vhd
    Info (12022): Found design unit 1: package_timing
    Info (12022): Found design unit 2: package_timing-body
Info (12021): Found 2 design units, including 1 entities, in source file controlador_io.vhd
    Info (12022): Found design unit 1: controlador_IO-Structure
    Info (12023): Found entity 1: controlador_IO
Info (12021): Found 2 design units, including 1 entities, in source file unidad_control.vhd
    Info (12022): Found design unit 1: unidad_control-Structure
    Info (12023): Found entity 1: unidad_control
Info (12021): Found 2 design units, including 1 entities, in source file async_64kx16.vhd
    Info (12022): Found design unit 1: async_64Kx16-behave_arch
    Info (12023): Found entity 1: async_64Kx16
Info (12021): Found 2 design units, including 1 entities, in source file sramcontroller.vhd
    Info (12022): Found design unit 1: SRAMController-comportament
    Info (12023): Found entity 1: SRAMController
Info (12021): Found 2 design units, including 1 entities, in source file sisa.vhd
    Info (12022): Found design unit 1: sisa-Structure
    Info (12023): Found entity 1: sisa
Info (12021): Found 2 design units, including 1 entities, in source file regfile.vhd
    Info (12022): Found design unit 1: regfile-Structure
    Info (12023): Found entity 1: regfile
Info (12021): Found 2 design units, including 1 entities, in source file proc.vhd
    Info (12022): Found design unit 1: proc-Structure
    Info (12023): Found entity 1: proc
Info (12021): Found 2 design units, including 1 entities, in source file test_sisa.vhd
    Info (12022): Found design unit 1: test_sisa-comportament
    Info (12023): Found entity 1: test_sisa
Info (12021): Found 2 design units, including 1 entities, in source file multi.vhd
    Info (12022): Found design unit 1: multi-Structure
    Info (12023): Found entity 1: multi
Info (12021): Found 2 design units, including 1 entities, in source file memorycontroller.vhd
    Info (12022): Found design unit 1: MemoryController-comportament
    Info (12023): Found entity 1: MemoryController
Info (12021): Found 2 design units, including 1 entities, in source file datapath.vhd
    Info (12022): Found design unit 1: datapath-Structure
    Info (12023): Found entity 1: datapath
Info (12021): Found 2 design units, including 1 entities, in source file control_l.vhd
    Info (12022): Found design unit 1: control_l-Structure
    Info (12023): Found entity 1: control_l
Info (12021): Found 1 design units, including 0 entities, in source file const_logic.vhd
    Info (12022): Found design unit 1: const_logic
Info (12021): Found 1 design units, including 0 entities, in source file const_control.vhd
    Info (12022): Found design unit 1: const_control
Info (12021): Found 2 design units, including 1 entities, in source file alu.vhd
    Info (12022): Found design unit 1: alu-Structure
    Info (12023): Found entity 1: alu
Info (12021): Found 2 design units, including 1 entities, in source file memory_alu.vhd
    Info (12022): Found design unit 1: memory_alu-Structure
    Info (12023): Found entity 1: memory_alu
Info (12021): Found 2 design units, including 1 entities, in source file arith_alu.vhd
    Info (12022): Found design unit 1: arith_alu-Structure
    Info (12023): Found entity 1: arith_alu
Info (12021): Found 2 design units, including 1 entities, in source file cmp_alu.vhd
    Info (12022): Found design unit 1: cmp_alu-Structure
    Info (12023): Found entity 1: cmp_alu
Info (12021): Found 2 design units, including 1 entities, in source file mul_alu.vhd
    Info (12022): Found design unit 1: mul_alu-Structure
    Info (12023): Found entity 1: mul_alu
Info (12021): Found 6 design units, including 3 entities, in source file device_controllers.vhd
    Info (12022): Found design unit 1: pulsadores-Structure
    Info (12022): Found design unit 2: interruptores-Structure
    Info (12022): Found design unit 3: timer-Structure
    Info (12023): Found entity 1: pulsadores
    Info (12023): Found entity 2: interruptores
    Info (12023): Found entity 3: timer
Info (12021): Found 2 design units, including 1 entities, in source file interrupt_controller.vhd
    Info (12022): Found design unit 1: interrupt_controller-Structure
    Info (12023): Found entity 1: interrupt_controller
Error (10568): VHDL error at device_controllers.vhd(39): can't write to interface object "rd_keys" of mode IN File: C:/Users/pec05/Desktop/PECi1-master/sisa/device_controllers.vhd Line: 39
Error: Quartus II 64-Bit Analysis & Synthesis was unsuccessful. 1 error, 0 warnings
    Error: Peak virtual memory: 488 megabytes
    Error: Processing ended: Tue May 09 11:28:06 2017
    Error: Elapsed time: 00:00:01
    Error: Total CPU time (on all processors): 00:00:01


